Build started 2014/1/6 下午 01:12:57.
     1>Project "C:\Users\yschen\Documents\GitHub\GameDesignFinal\HelloWorld.vcxproj" on node 2 (build target(s)).
     1>InitializeBuildStatus:
         Creating "Release\HelloWorld.unsuccessfulbuild" because "AlwaysCreate" was specified.
       ClCompile:
         C:\Program Files (x86)\Microsoft Visual Studio 10.0\VC\bin\CL.exe /c /I"C:\Program Files (x86)\Microsoft DirectX SDK (June 2010)\Include" /I"C:\Program Files (x86)\OpenAL 1.1 SDK\include" /IC:\Fly2_API\Include /Zi /nologo /W3 /WX- /O2 /Oi /Oy- /GL /D WIN32 /D NDEBUG /D _WINDOWS /D _MBCS /Gm- /EHsc /MD /GS /Gy /fp:precise /Zc:wchar_t /Zc:forScope /Fo"Release\\" /Fd"Release\vc100.pdb" /Gd /TP /analyze- /errorReport:prompt Programs\Hello.cpp
         Hello.cpp
     1>c:\users\yschen\documents\github\gamedesignfinal\programs\myMath.cpp(71): warning C4244: '=' : conversion from 'double' to 'float', possible loss of data
     1>c:\users\yschen\documents\github\gamedesignfinal\programs\myMath.cpp(72): warning C4244: '=' : conversion from 'double' to 'float', possible loss of data
     1>c:\users\yschen\documents\github\gamedesignfinal\programs\myMath.cpp(73): warning C4244: '=' : conversion from 'double' to 'float', possible loss of data
     1>c:\users\yschen\documents\github\gamedesignfinal\programs\myMath.cpp(132): warning C4244: 'argument' : conversion from 'double' to 'float', possible loss of data
     1>Programs\Hello.cpp(353): warning C4244: 'argument' : conversion from 'int' to 'float', possible loss of data
     1>Programs\Hello.cpp(414): warning C4244: 'argument' : conversion from 'int' to 'float', possible loss of data
     1>Programs\Hello.cpp(565): warning C4244: 'initializing' : conversion from 'double' to 'float', possible loss of data
     1>Programs\Hello.cpp(568): warning C4244: '=' : conversion from 'double' to 'float', possible loss of data
     1>Programs\Hello.cpp(740): warning C4244: 'argument' : conversion from 'int' to 'float', possible loss of data
     1>Programs\Hello.cpp(757): warning C4305: 'initializing' : truncation from 'double' to 'float'
     1>Programs\Hello.cpp(956): warning C4244: '=' : conversion from 'double' to 'float', possible loss of data
     1>Programs\Hello.cpp(966): warning C4244: '=' : conversion from 'double' to 'float', possible loss of data
     1>Programs\Hello.cpp(1333): warning C4101: 'cuDir' : unreferenced local variable
     1>Programs\Hello.cpp(1333): warning C4101: 'cpos' : unreferenced local variable
     1>Programs\Hello.cpp(1333): warning C4101: 'cfDir' : unreferenced local variable
     1>Programs\Hello.cpp(1355): warning C4305: 'initializing' : truncation from 'double' to 'float'
     1>Programs\Hello.cpp(1601): warning C4996: 'sprintf': This function or variable may be unsafe. Consider using sprintf_s instead. To disable deprecation, use _CRT_SECURE_NO_WARNINGS. See online help for details.
                 C:\Program Files (x86)\Microsoft Visual Studio 10.0\VC\include\stdio.h(371) : see declaration of 'sprintf'
     1>Programs\Hello.cpp(1531): warning C4101: 'baseID1' : unreferenced local variable
     1>Programs\Hello.cpp(1668): warning C4244: '=' : conversion from 'double' to 'float', possible loss of data
     1>Programs\Hello.cpp(1853): warning C4996: 'sprintf': This function or variable may be unsafe. Consider using sprintf_s instead. To disable deprecation, use _CRT_SECURE_NO_WARNINGS. See online help for details.
                 C:\Program Files (x86)\Microsoft Visual Studio 10.0\VC\include\stdio.h(371) : see declaration of 'sprintf'
     1>Programs\Hello.cpp(1870): warning C4996: 'sprintf': This function or variable may be unsafe. Consider using sprintf_s instead. To disable deprecation, use _CRT_SECURE_NO_WARNINGS. See online help for details.
                 C:\Program Files (x86)\Microsoft Visual Studio 10.0\VC\include\stdio.h(371) : see declaration of 'sprintf'
     1>Programs\Hello.cpp(1871): warning C4996: 'sprintf': This function or variable may be unsafe. Consider using sprintf_s instead. To disable deprecation, use _CRT_SECURE_NO_WARNINGS. See online help for details.
                 C:\Program Files (x86)\Microsoft Visual Studio 10.0\VC\include\stdio.h(371) : see declaration of 'sprintf'
     1>Programs\Hello.cpp(1879): warning C4996: 'sprintf': This function or variable may be unsafe. Consider using sprintf_s instead. To disable deprecation, use _CRT_SECURE_NO_WARNINGS. See online help for details.
                 C:\Program Files (x86)\Microsoft Visual Studio 10.0\VC\include\stdio.h(371) : see declaration of 'sprintf'
     1>Programs\Hello.cpp(1880): warning C4996: 'sprintf': This function or variable may be unsafe. Consider using sprintf_s instead. To disable deprecation, use _CRT_SECURE_NO_WARNINGS. See online help for details.
                 C:\Program Files (x86)\Microsoft Visual Studio 10.0\VC\include\stdio.h(371) : see declaration of 'sprintf'
     1>Programs\Hello.cpp(1881): warning C4996: 'sprintf': This function or variable may be unsafe. Consider using sprintf_s instead. To disable deprecation, use _CRT_SECURE_NO_WARNINGS. See online help for details.
                 C:\Program Files (x86)\Microsoft Visual Studio 10.0\VC\include\stdio.h(371) : see declaration of 'sprintf'
     1>Programs\Hello.cpp(1885): warning C4996: 'sprintf': This function or variable may be unsafe. Consider using sprintf_s instead. To disable deprecation, use _CRT_SECURE_NO_WARNINGS. See online help for details.
                 C:\Program Files (x86)\Microsoft Visual Studio 10.0\VC\include\stdio.h(371) : see declaration of 'sprintf'
     1>Programs\Hello.cpp(1886): warning C4996: 'sprintf': This function or variable may be unsafe. Consider using sprintf_s instead. To disable deprecation, use _CRT_SECURE_NO_WARNINGS. See online help for details.
                 C:\Program Files (x86)\Microsoft Visual Studio 10.0\VC\include\stdio.h(371) : see declaration of 'sprintf'
     1>Programs\Hello.cpp(1887): warning C4996: 'sprintf': This function or variable may be unsafe. Consider using sprintf_s instead. To disable deprecation, use _CRT_SECURE_NO_WARNINGS. See online help for details.
                 C:\Program Files (x86)\Microsoft Visual Studio 10.0\VC\include\stdio.h(371) : see declaration of 'sprintf'
     1>Programs\Hello.cpp(1888): warning C4996: 'sprintf': This function or variable may be unsafe. Consider using sprintf_s instead. To disable deprecation, use _CRT_SECURE_NO_WARNINGS. See online help for details.
                 C:\Program Files (x86)\Microsoft Visual Studio 10.0\VC\include\stdio.h(371) : see declaration of 'sprintf'
     1>Programs\Hello.cpp(1908): warning C4996: 'sprintf': This function or variable may be unsafe. Consider using sprintf_s instead. To disable deprecation, use _CRT_SECURE_NO_WARNINGS. See online help for details.
                 C:\Program Files (x86)\Microsoft Visual Studio 10.0\VC\include\stdio.h(371) : see declaration of 'sprintf'
     1>Programs\Hello.cpp(1909): warning C4996: 'sprintf': This function or variable may be unsafe. Consider using sprintf_s instead. To disable deprecation, use _CRT_SECURE_NO_WARNINGS. See online help for details.
                 C:\Program Files (x86)\Microsoft Visual Studio 10.0\VC\include\stdio.h(371) : see declaration of 'sprintf'
     1>Programs\Hello.cpp(1910): warning C4996: 'sprintf': This function or variable may be unsafe. Consider using sprintf_s instead. To disable deprecation, use _CRT_SECURE_NO_WARNINGS. See online help for details.
                 C:\Program Files (x86)\Microsoft Visual Studio 10.0\VC\include\stdio.h(371) : see declaration of 'sprintf'
     1>Programs\Hello.cpp(2031): warning C4018: '<' : signed/unsigned mismatch
       Link:
         C:\Program Files (x86)\Microsoft Visual Studio 10.0\VC\bin\link.exe /ERRORREPORT:PROMPT /OUT:"C:\Users\yschen\Documents\GitHub\GameDesignFinal\Release\HelloWorld.exe" /INCREMENTAL:NO /NOLOGO /LIBPATH:"C:\Program Files (x86)\Microsoft DirectX SDK (June 2010)\Lib\x86" /LIBPATH:"C:\Program Files (x86)\OpenAL 1.1 SDK\libs\Win32" /LIBPATH:C:\Fly2_API\LibWin32 d3d9.lib d3dx9.lib OpenAL32.lib XInput.lib LibFly2DX9W32.lib strmiids.lib winmm.lib kernel32.lib user32.lib gdi32.lib winspool.lib comdlg32.lib advapi32.lib shell32.lib ole32.lib oleaut32.lib uuid.lib odbc32.lib odbccp32.lib /MANIFEST /ManifestFile:"Release\HelloWorld.exe.intermediate.manifest" /MANIFESTUAC:"level='asInvoker' uiAccess='false'" /DEBUG /PDB:"C:\Users\yschen\Documents\GitHub\GameDesignFinal\Release\HelloWorld.pdb" /SUBSYSTEM:WINDOWS /OPT:REF /OPT:ICF /LTCG /TLBID:1 /DYNAMICBASE /NXCOMPAT /IMPLIB:"C:\Users\yschen\Documents\GitHub\GameDesignFinal\Release\HelloWorld.lib" /MACHINE:X86 Release\Hello.obj
         Release\myMath.obj
         Generating code
         Finished generating code
     1>LibFly2DX9W32.lib(FyGeometry.obj) : warning LNK4204: 'C:\Users\yschen\Documents\GitHub\GameDesignFinal\Release\vc100.pdb' is missing debugging information for referencing module; linking object as if no debug info
     1>LibFly2DX9W32.lib(Fly.obj) : warning LNK4204: 'C:\Users\yschen\Documents\GitHub\GameDesignFinal\Release\vc100.pdb' is missing debugging information for referencing module; linking object as if no debug info
     1>LibFly2DX9W32.lib(FlyWin32.obj) : warning LNK4204: 'C:\Users\yschen\Documents\GitHub\GameDesignFinal\Release\vc100.pdb' is missing debugging information for referencing module; linking object as if no debug info
     1>LibFly2DX9W32.lib(FyMedia.obj) : warning LNK4204: 'C:\Users\yschen\Documents\GitHub\GameDesignFinal\Release\vc100.pdb' is missing debugging information for referencing module; linking object as if no debug info
     1>LibFly2DX9W32.lib(FyMath.obj) : warning LNK4204: 'C:\Users\yschen\Documents\GitHub\GameDesignFinal\Release\vc100.pdb' is missing debugging information for referencing module; linking object as if no debug info
     1>LibFly2DX9W32.lib(FyObject.obj) : warning LNK4204: 'C:\Users\yschen\Documents\GitHub\GameDesignFinal\Release\vc100.pdb' is missing debugging information for referencing module; linking object as if no debug info
     1>LibFly2DX9W32.lib(FyDX9.obj) : warning LNK4204: 'C:\Users\yschen\Documents\GitHub\GameDesignFinal\Release\vc100.pdb' is missing debugging information for referencing module; linking object as if no debug info
     1>LibFly2DX9W32.lib(FyMemory.obj) : warning LNK4204: 'C:\Users\yschen\Documents\GitHub\GameDesignFinal\Release\vc100.pdb' is missing debugging information for referencing module; linking object as if no debug info
     1>LibFly2DX9W32.lib(FyGameFX.obj) : warning LNK4204: 'C:\Users\yschen\Documents\GitHub\GameDesignFinal\Release\vc100.pdb' is missing debugging information for referencing module; linking object as if no debug info
     1>LibFly2DX9W32.lib(FyAudio.obj) : warning LNK4204: 'C:\Users\yschen\Documents\GitHub\GameDesignFinal\Release\vc100.pdb' is missing debugging information for referencing module; linking object as if no debug info
     1>LibFly2DX9W32.lib(FyViewport.obj) : warning LNK4204: 'C:\Users\yschen\Documents\GitHub\GameDesignFinal\Release\vc100.pdb' is missing debugging information for referencing module; linking object as if no debug info
     1>LibFly2DX9W32.lib(FyScene.obj) : warning LNK4204: 'C:\Users\yschen\Documents\GitHub\GameDesignFinal\Release\vc100.pdb' is missing debugging information for referencing module; linking object as if no debug info
     1>LibFly2DX9W32.lib(FyCharacter.obj) : warning LNK4204: 'C:\Users\yschen\Documents\GitHub\GameDesignFinal\Release\vc100.pdb' is missing debugging information for referencing module; linking object as if no debug info
     1>LibFly2DX9W32.lib(FyThreadPool.obj) : warning LNK4204: 'C:\Users\yschen\Documents\GitHub\GameDesignFinal\Release\vc100.pdb' is missing debugging information for referencing module; linking object as if no debug info
     1>LibFly2DX9W32.lib(FyGamepad.obj) : warning LNK4204: 'C:\Users\yschen\Documents\GitHub\GameDesignFinal\Release\vc100.pdb' is missing debugging information for referencing module; linking object as if no debug info
     1>LibFly2DX9W32.lib(FyText.obj) : warning LNK4204: 'C:\Users\yschen\Documents\GitHub\GameDesignFinal\Release\vc100.pdb' is missing debugging information for referencing module; linking object as if no debug info
     1>LibFly2DX9W32.lib(FyMaterial.obj) : warning LNK4204: 'C:\Users\yschen\Documents\GitHub\GameDesignFinal\Release\vc100.pdb' is missing debugging information for referencing module; linking object as if no debug info
     1>LibFly2DX9W32.lib(FyOpenAL.obj) : warning LNK4204: 'C:\Users\yschen\Documents\GitHub\GameDesignFinal\Release\vc100.pdb' is missing debugging information for referencing module; linking object as if no debug info
     1>LibFly2DX9W32.lib(FyShader.obj) : warning LNK4204: 'C:\Users\yschen\Documents\GitHub\GameDesignFinal\Release\vc100.pdb' is missing debugging information for referencing module; linking object as if no debug info
     1>LibFly2DX9W32.lib(FyXInput.obj) : warning LNK4204: 'C:\Users\yschen\Documents\GitHub\GameDesignFinal\Release\vc100.pdb' is missing debugging information for referencing module; linking object as if no debug info
     1>LibFly2DX9W32.lib(FyWorld.obj) : warning LNK4204: 'C:\Users\yschen\Documents\GitHub\GameDesignFinal\Release\vc100.pdb' is missing debugging information for referencing module; linking object as if no debug info
     1>LibFly2DX9W32.lib(FyWin32DShow.obj) : warning LNK4204: 'C:\Users\yschen\Documents\GitHub\GameDesignFinal\Release\vc100.pdb' is missing debugging information for referencing module; linking object as if no debug info
     1>LibFly2DX9W32.lib(FyMediaStream.obj) : warning LNK4204: 'C:\Users\yschen\Documents\GitHub\GameDesignFinal\Release\vc100.pdb' is missing debugging information for referencing module; linking object as if no debug info
         HelloWorld.vcxproj -> C:\Users\yschen\Documents\GitHub\GameDesignFinal\Release\HelloWorld.exe
       Manifest:
         C:\Program Files (x86)\Microsoft SDKs\Windows\v7.0A\bin\mt.exe /nologo /verbose /outputresource:"C:\Users\yschen\Documents\GitHub\GameDesignFinal\Release\HelloWorld.exe;#1" /manifest Release\HelloWorld.exe.intermediate.manifest
       FinalizeBuildStatus:
         Deleting file "Release\HelloWorld.unsuccessfulbuild".
         Touching "Release\HelloWorld.lastbuildstate".
     1>Done Building Project "C:\Users\yschen\Documents\GitHub\GameDesignFinal\HelloWorld.vcxproj" (build target(s)).

Build succeeded.

Time Elapsed 00:00:10.70
